\BOOKMARK [1][-]{section.1}{Overview}{}% 1
\BOOKMARK [1][-]{section.2}{Loop\040Detection\040Algorithm}{}% 2
\BOOKMARK [2][-]{subsection.2.1}{Algorithm\040Background}{section.2}% 3
\BOOKMARK [2][-]{subsection.2.2}{Algorithm\040Design\040Philosophy}{section.2}% 4
\BOOKMARK [2][-]{subsection.2.3}{Algorithm\040Flowchart}{section.2}% 5
\BOOKMARK [2][-]{subsection.2.4}{Algorithm\040Steps}{section.2}% 6
\BOOKMARK [3][-]{subsubsection.2.4.1}{Data\040Structure\040Construction}{subsection.2.4}% 7
\BOOKMARK [3][-]{subsubsection.2.4.2}{Graph\040Traversal\040Function}{subsection.2.4}% 8
\BOOKMARK [3][-]{subsubsection.2.4.3}{Loop\040Detection\040Main\040Logic}{subsection.2.4}% 9
\BOOKMARK [2][-]{subsection.2.5}{Algorithm\040Complexity\040Analysis}{section.2}% 10
\BOOKMARK [3][-]{subsubsection.2.5.1}{Time\040Complexity}{subsection.2.5}% 11
\BOOKMARK [3][-]{subsubsection.2.5.2}{Space\040Complexity}{subsection.2.5}% 12
\BOOKMARK [2][-]{subsection.2.6}{Algorithm\040Characteristics}{section.2}% 13
\BOOKMARK [3][-]{subsubsection.2.6.1}{Advantages}{subsection.2.6}% 14
\BOOKMARK [3][-]{subsubsection.2.6.2}{Limitations}{subsection.2.6}% 15
\BOOKMARK [2][-]{subsection.2.7}{Comparison\040with\040Other\040Algorithms}{section.2}% 16
\BOOKMARK [2][-]{subsection.2.8}{Example\040Analysis}{section.2}% 17
\BOOKMARK [3][-]{subsubsection.2.8.1}{Simple\040Feedback\040System}{subsection.2.8}% 18
\BOOKMARK [1][-]{section.3}{Solver\040Details}{}% 19
\BOOKMARK [2][-]{subsection.3.1}{Overview}{section.3}% 20
\BOOKMARK [2][-]{subsection.3.2}{Integration\040Processing}{section.3}% 21
\BOOKMARK [3][-]{subsubsection.3.2.1}{Main\040Integration\040Algorithm:\040RK4\040\(Fourth-Order\040Runge-Kutta\)}{subsection.3.2}% 22
\BOOKMARK [3][-]{subsubsection.3.2.2}{Integrator\040Block\040Implementation}{subsection.3.2}% 23
\BOOKMARK [3][-]{subsubsection.3.2.3}{RK4\040Algorithm\040Advantages}{subsection.3.2}% 24
\BOOKMARK [2][-]{subsection.3.3}{Algorithm\040Selection\040Strategy}{section.3}% 25
\BOOKMARK [3][-]{subsubsection.3.3.1}{Fixed\040Algorithm\040Strategy}{subsection.3.3}% 26
\BOOKMARK [3][-]{subsubsection.3.3.2}{Continuous-Time\040System\040Algorithms}{subsection.3.3}% 27
\BOOKMARK [3][-]{subsubsection.3.3.3}{Discrete-Time\040System\040Algorithms}{subsection.3.3}% 28
\BOOKMARK [3][-]{subsubsection.3.3.4}{Algorithm\040Selection\040Flowchart}{subsection.3.3}% 29
\BOOKMARK [3][-]{subsubsection.3.3.5}{Algorithm\040Selection\040Summary\040Table}{subsection.3.3}% 30
\BOOKMARK [2][-]{subsection.3.4}{Loop\040Convergence\040Processing}{section.3}% 31
\BOOKMARK [3][-]{subsubsection.3.4.1}{Algebraic\040Loop\040Concept}{subsection.3.4}% 32
\BOOKMARK [3][-]{subsubsection.3.4.2}{Algebraic\040Loop\040Detection}{subsection.3.4}% 33
\BOOKMARK [3][-]{subsubsection.3.4.3}{Algebraic\040Loop\040Convergence\040Algorithm}{subsection.3.4}% 34
\BOOKMARK [3][-]{subsubsection.3.4.4}{Algebraic\040Block\040Processing\040Example}{subsection.3.4}% 35
\BOOKMARK [3][-]{subsubsection.3.4.5}{Loop\040Convergence\040Flowchart}{subsection.3.4}% 36
\BOOKMARK [3][-]{subsubsection.3.4.6}{Loop\040Convergence\040Characteristics}{subsection.3.4}% 37
\BOOKMARK [2][-]{subsection.3.5}{Solver\040Flow}{section.3}% 38
\BOOKMARK [3][-]{subsubsection.3.5.1}{Complete\040Solver\040Flow}{subsection.3.5}% 39
\BOOKMARK [3][-]{subsubsection.3.5.2}{Time\040Step\040Loop}{subsection.3.5}% 40
\BOOKMARK [3][-]{subsubsection.3.5.3}{Phased\040Processing}{subsection.3.5}% 41
\BOOKMARK [2][-]{subsection.3.6}{Performance\040Characteristics}{section.3}% 42
\BOOKMARK [3][-]{subsubsection.3.6.1}{Numerical\040Accuracy}{subsection.3.6}% 43
\BOOKMARK [3][-]{subsubsection.3.6.2}{Computational\040Efficiency}{subsection.3.6}% 44
\BOOKMARK [3][-]{subsubsection.3.6.3}{Convergence\040Performance}{subsection.3.6}% 45
\BOOKMARK [1][-]{section.4}{Summary}{}% 46
\BOOKMARK [2][-]{subsection.4.1}{Solver\040Design\040Philosophy}{section.4}% 47
\BOOKMARK [2][-]{subsection.4.2}{Core\040Technologies}{section.4}% 48
\BOOKMARK [2][-]{subsection.4.3}{Applicable\040Scenarios}{section.4}% 49
\BOOKMARK [2][-]{subsection.4.4}{Limitations}{section.4}% 50
\BOOKMARK [1][-]{section.5}{References}{}% 51
